-encoding
UTF-8
-source
1.7
-target
1.7
-classpath
/Users/eyon/.m2/repository/junit/junit/4.4/junit-4.4.jar:/Users/eyon/.m2/repository/org/aspectj/aspectjrt/1.6.12/aspectjrt-1.6.12.jar:/Users/eyon/.m2/repository/javassist/javassist/3.11.0.GA/javassist-3.11.0.GA.jar:/Users/eyon/.m2/repository/log4j/log4j/1.2.16/log4j-1.2.16.jar:/Users/eyon/github/BroadcastingInterfaces/target/classes
-d
/Users/eyon/github/BroadcastingInterfaces/target/classes
/Users/eyon/github/BroadcastingInterfaces/src/main/java/org/tickcode/broadcast/Broadcast.java
/Users/eyon/github/BroadcastingInterfaces/src/main/java/org/tickcode/broadcast/BroadcastConsumer.java
/Users/eyon/github/BroadcastingInterfaces/src/main/java/org/tickcode/broadcast/BroadcastImpl.aj
/Users/eyon/github/BroadcastingInterfaces/src/main/java/org/tickcode/broadcast/BroadcastProducer.java
/Users/eyon/github/BroadcastingInterfaces/src/main/java/org/tickcode/broadcast/BroadcastProxy.java
/Users/eyon/github/BroadcastingInterfaces/src/main/java/org/tickcode/broadcast/DuplicateMethodException.java
/Users/eyon/github/BroadcastingInterfaces/src/main/java/org/tickcode/broadcast/ErrorHandler.java
/Users/eyon/github/BroadcastingInterfaces/src/main/java/org/tickcode/broadcast/JavassistException.java
/Users/eyon/github/BroadcastingInterfaces/src/main/java/org/tickcode/broadcast/Logging.aj
/Users/eyon/github/BroadcastingInterfaces/src/main/java/org/tickcode/broadcast/MessageBroker.java
/Users/eyon/github/BroadcastingInterfaces/src/main/java/org/tickcode/broadcast/NonVoidBroadcastMethodException.java
/Users/eyon/github/BroadcastingInterfaces/src/main/java/org/tickcode/broadcast/VMMessageBroker.java
/Users/eyon/github/BroadcastingInterfaces/src/main/java/org/tickcode/broadcast/WrongUseOfAnnotationException.java
/Users/eyon/github/BroadcastingInterfaces/src/main/java/org/tickcode/example/swing/ConsumeAndProducePanel.java
/Users/eyon/github/BroadcastingInterfaces/src/main/java/org/tickcode/example/swing/ConsumerPanel.java
/Users/eyon/github/BroadcastingInterfaces/src/main/java/org/tickcode/example/swing/DependencyInjection.aj
/Users/eyon/github/BroadcastingInterfaces/src/main/java/org/tickcode/example/swing/Main.java
/Users/eyon/github/BroadcastingInterfaces/src/main/java/org/tickcode/example/swing/MenuBar.java
/Users/eyon/github/BroadcastingInterfaces/src/main/java/org/tickcode/example/swing/ProducerPanel.java
/Users/eyon/github/BroadcastingInterfaces/src/main/java/org/tickcode/example/swing/ShuttingDownBroadcast.java
/Users/eyon/github/BroadcastingInterfaces/src/main/java/org/tickcode/example/swing/TextChangedBroadcast.java
/Users/eyon/github/BroadcastingInterfaces/src/main/java/org/tickcode/trace/BreadCrumb.java
/Users/eyon/github/BroadcastingInterfaces/src/main/java/org/tickcode/trace/BreadCrumbTrail.java
/Users/eyon/github/BroadcastingInterfaces/src/main/java/org/tickcode/trace/DefaultBreadCrumb.java
/Users/eyon/github/BroadcastingInterfaces/src/main/java/org/tickcode/trace/MethodUtil.java
